
[2025-12-10T16:31:46.617Z] AI JSON parse failed. Preview:
Contact: varunsanjayp@gmail.com | LinkedIn: linkedin.com/in/varunsanjayp
Objective: Seeking a challenging role that utilizes my skills in full-stack development to deliver high-quality software solutions.
Education:
Bachelor of Engineering in Computer Science (2018-2022)
Experience:
Software Engineer at ABC Company (Jan 2022 - Present)
- Developed multiple full-stack applications using React, Node.js, and MongoDB
- Collaborated with cross-functional teams to identify and prioritize project requirements
- Implemented automated testing using Jest and Enzyme
- Participated in code reviews and ensured adherence to Agile methodologies
- Managed version control using Git
Freelance Web Developer (Jun 2020 - Dec 2021)
- Designed and developed multiple web applications using HTML, CSS, and JavaScri

[2025-12-10T16:40:18.748Z] AI JSON parse failed. Preview:
Contact Information:
Email: [varun@gmail.com](mailto:varun@gmail.com)
Phone: 1234567890
LinkedIn: linkedin.com/in/varun
Objective:
To obtain a challenging role that utilizes my skills in full-stack development, design, and problem-solving to deliver high-quality products and solutions.
Education:
Bachelor of Technology in Computer Science and Engineering
Experience:
Full Stack Developer, ABC Company (Jan 2020 - Present)
- Developed multiple web applications using Java, Spring, and MySQL
- Designed and implemented RESTful APIs using Django and MongoDB
- Collaborated with cross-functional teams to identify and prioritize project requirements
- Created wireframes, prototypes, and high-fidelity designs using Figma and Adobe XD
- Deployed applications on AWS using Docker and Git
- Participated 

[2025-12-10T16:43:33.855Z] AI JSON parse failed. Preview:
Contact Information:
Email: [varun.sanjayp@gmail.com](mailto:varun.sanjayp@gmail.com)
Phone: +91-1234567890
LinkedIn: linkedin.com/in/varunsanjayp
Objective:
To obtain a challenging role that utilizes my skills in full-stack development, designing, and problem-solving to deliver high-quality products and services.
Education:
Bachelor of Technology in Computer Science and Engineering
Experience:
Software Engineer at ABC Company (Jan 2020 - Present)
- Designed and developed multiple full-stack applications using Java, Spring Boot, and React
- Collaborated with cross-functional teams to identify and prioritize project requirements
- Implemented automated testing and deployment scripts using Python and JavaScript
- Participated in Agile Scrum meetings to ensure timely project delivery
- Worked

[2025-12-10T16:47:49.232Z] AI JSON parse failed. Preview:
Contact Information:
Email: [varun@gmail.com](mailto:varun@gmail.com)
Phone: 1234567890
LinkedIn: linkedin.com/in/varun
Objective:
To obtain a challenging role that utilizes my skills in full-stack development, designing, and problem-solving to contribute to the growth and success of the organization.
Education:
Bachelor of Technology in Computer Science and Engineering
Experience:
Software Engineer at ABC Company (Jan 2020 - Present)
- Designed and developed multiple full-stack applications using React, Node.js, and MongoDB
- Collaborated with cross-functional teams to identify and prioritize project requirements
- Implemented automated testing and deployment scripts using Git and AWS
- Participated in code reviews and ensured high-quality code standards
- Worked on multiple projects simu
